<?xml version="1.0" encoding="UTF-8"?>
<testsuites name="jest tests" tests="6" failures="2" errors="0" time="5.777">
  <testsuite name="undefined" errors="0" failures="2" skipped="0" timestamp="2024-05-01T01:19:34" time="5.622" tests="6">
    <testcase classname=" The Google home page is loading" name=" The Google home page is loading" time="1.464">
    </testcase>
    <testcase classname=" The search field is available" name=" The search field is available" time="0.497">
    </testcase>
    <testcase classname=" The &quot;Search&quot; button is present" name=" The &quot;Search&quot; button is present" time="0.493">
    </testcase>
    <testcase classname=" The Google logo is displayed" name=" The Google logo is displayed" time="0.418">
    </testcase>
    <testcase classname=" Incorrect page title" name=" Incorrect page title" time="0.338">
      <failure>Error: expect(received).toBe(expected) // Object.is equality

Expected: &quot;DuckDuckGo&quot;
Received: &quot;Google&quot;
    at Object.toBe (D:\Univer\4 kurs\Автоматизація тестування\lab6\app\googlePage.test.js:47:17)
    at processTicksAndRejections (node:internal/process/task_queues:95:5)</failure>
    </testcase>
    <testcase classname=" Missing element on page" name=" Missing element on page" time="0.389">
      <failure>NoSuchElementError: no such element: Unable to locate element: {&quot;method&quot;:&quot;css selector&quot;,&quot;selector&quot;:&quot;*[id=&quot;missingElement&quot;]&quot;}
  (Session info: chrome=124.0.6367.91)
    at Object.throwDecodedError (D:\Univer\4 kurs\Автоматизація тестування\lab6\node_modules\selenium-webdriver\lib\error.js:521:15)
    at parseHttpResponse (D:\Univer\4 kurs\Автоматизація тестування\lab6\node_modules\selenium-webdriver\lib\http.js:514:13)
    at Executor.execute (D:\Univer\4 kurs\Автоматизація тестування\lab6\node_modules\selenium-webdriver\lib\http.js:446:28)
    at processTicksAndRejections (node:internal/process/task_queues:95:5)
    at Driver.execute (D:\Univer\4 kurs\Автоматизація тестування\lab6\node_modules\selenium-webdriver\lib\webdriver.js:740:17)
    at Object.&lt;anonymous&gt; (D:\Univer\4 kurs\Автоматизація тестування\lab6\app\googlePage.test.js:53:26)</failure>
    </testcase>
  </testsuite>
</testsuites>